<?xml version="1.0" encoding="UTF-8"?>
<!-- Generated by org.testng.reporters.JUnitReportReporter -->
<testsuite hostname="DESKTOP-81DQNEI" failures="0" tests="1" name="practise1.day1GET" time="3.550" errors="0" timestamp="2021-08-28T21:21:10 EDT" skipped="0">
  <testcase classname="practise1.day1GET" name="test1" time="3.550"/>
  <system-out/>
</testsuite> <!-- practise1.day1GET -->
