<?xml version="1.0" encoding="UTF-8"?>
<!-- Generated by org.testng.reporters.JUnitReportReporter -->
<testsuite hostname="DESKTOP-81DQNEI" failures="0" tests="1" name="practise1.day2" time="3.707" errors="0" timestamp="2021-08-28T23:07:15 EDT" skipped="0">
  <testcase classname="practise1.day2" name="test_1" time="3.707"/>
  <system-out/>
</testsuite> <!-- practise1.day2 -->
